Using pre-set license
Built from '2021.3/staging' branch; Version is '2021.3.26f1 (a16dc32e0ff2) revision 10579395'; Using compiler version '192829333'; Build Type 'Release'
OS: 'Windows 11  (10.0.22631) 64bit CoreSingleLanguage' Language: 'ru' Physical Memory: 16106 MB
BatchMode: 1, IsHumanControllingUs: 0, StartBugReporterOnCrash: 0, Is64bit: 1, IsPro: 1

COMMAND LINE ARGUMENTS:
C:\Program Files\Unity 2021.3.26f1\Editor\Unity.exe
-adb2
-batchMode
-noUpm
-name
AssetImportWorker5
-projectPath
C:/Users/User/My project (1)
-logFile
Logs/AssetImportWorker5.log
-srvPort
57117
Successfully changed project path to: C:/Users/User/My project (1)
C:/Users/User/My project (1)
[UnityMemory] Configuration Parameters - Can be set up in boot.config
    "memorysetup-bucket-allocator-granularity=16"
    "memorysetup-bucket-allocator-bucket-count=8"
    "memorysetup-bucket-allocator-block-size=33554432"
    "memorysetup-bucket-allocator-block-count=8"
    "memorysetup-main-allocator-block-size=16777216"
    "memorysetup-thread-allocator-block-size=16777216"
    "memorysetup-gfx-main-allocator-block-size=16777216"
    "memorysetup-gfx-thread-allocator-block-size=16777216"
    "memorysetup-cache-allocator-block-size=4194304"
    "memorysetup-typetree-allocator-block-size=2097152"
    "memorysetup-profiler-bucket-allocator-granularity=16"
    "memorysetup-profiler-bucket-allocator-bucket-count=8"
    "memorysetup-profiler-bucket-allocator-block-size=33554432"
    "memorysetup-profiler-bucket-allocator-block-count=8"
    "memorysetup-profiler-allocator-block-size=16777216"
    "memorysetup-profiler-editor-allocator-block-size=1048576"
    "memorysetup-temp-allocator-size-main=16777216"
    "memorysetup-job-temp-allocator-block-size=2097152"
    "memorysetup-job-temp-allocator-block-size-background=1048576"
    "memorysetup-job-temp-allocator-reduction-small-platforms=262144"
    "memorysetup-temp-allocator-size-background-worker=32768"
    "memorysetup-temp-allocator-size-job-worker=262144"
    "memorysetup-temp-allocator-size-preload-manager=33554432"
    "memorysetup-temp-allocator-size-nav-mesh-worker=65536"
    "memorysetup-temp-allocator-size-audio-worker=65536"
    "memorysetup-temp-allocator-size-cloud-worker=32768"
    "memorysetup-temp-allocator-size-gi-baking-worker=262144"
    "memorysetup-temp-allocator-size-gfx=262144"
Player connection [14616] Host "[IP] 172.20.10.2 [Port] 0 [Flags] 2 [Guid] 3013829866 [EditorId] 3013829866 [Version] 1048832 [Id] WindowsEditor(7,A11233) [Debug] 1 [PackageName] WindowsEditor [ProjectName] Editor" joined multi-casting on [225.0.0.222:54997]...

Player connection [14616] Host "[IP] 172.20.10.2 [Port] 0 [Flags] 2 [Guid] 3013829866 [EditorId] 3013829866 [Version] 1048832 [Id] WindowsEditor(7,A11233) [Debug] 1 [PackageName] WindowsEditor [ProjectName] Editor" joined alternative multi-casting on [225.0.0.222:34997]...

Refreshing native plugins compatible for Editor in 57.56 ms, found 3 plugins.
Preloading 0 native plugins for Editor in 0.00 ms.
Initialize engine version: 2021.3.26f1 (a16dc32e0ff2)
[Subsystems] Discovering subsystems at path C:/Program Files/Unity 2021.3.26f1/Editor/Data/Resources/UnitySubsystems
[Subsystems] Discovering subsystems at path C:/Users/User/My project (1)/Assets
GfxDevice: creating device client; threaded=0; jobified=0
Direct3D:
    Version:  Direct3D 11.0 [level 11.1]
    Renderer: NVIDIA GeForce RTX 3050 Ti Laptop GPU (ID=0x25a0)
    Vendor:   NVIDIA
    VRAM:     3977 MB
    Driver:   31.0.15.4680
Initialize mono
Mono path[0] = 'C:/Program Files/Unity 2021.3.26f1/Editor/Data/Managed'
Mono path[1] = 'C:/Program Files/Unity 2021.3.26f1/Editor/Data/MonoBleedingEdge/lib/mono/unityjit-win32'
Mono config path = 'C:/Program Files/Unity 2021.3.26f1/Editor/Data/MonoBleedingEdge/etc'
Using monoOptions --debugger-agent=transport=dt_socket,embedding=1,server=y,suspend=n,address=127.0.0.1:56612
Begin MonoManager ReloadAssembly
Registering precompiled unity dll's ...
Register platform support module: C:/Program Files/Unity 2021.3.26f1/Editor/Data/PlaybackEngines/WindowsStandaloneSupport/UnityEditor.WindowsStandalone.Extensions.dll
Registered in 0.001993 seconds.
Native extension for WindowsStandalone target not found
Refreshing native plugins compatible for Editor in 58.31 ms, found 3 plugins.
Preloading 0 native plugins for Editor in 0.00 ms.
Mono: successfully reloaded assembly
- Completed reload, in  0.500 seconds
Domain Reload Profiling:
	ReloadAssembly (501ms)
		BeginReloadAssembly (62ms)
			ExecutionOrderSort (0ms)
			DisableScriptedObjects (0ms)
			BackupInstance (0ms)
			ReleaseScriptingObjects (0ms)
			CreateAndSetChildDomain (1ms)
		EndReloadAssembly (361ms)
			LoadAssemblies (61ms)
			RebuildTransferFunctionScriptingTraits (0ms)
			SetupTypeCache (89ms)
			ReleaseScriptCaches (0ms)
			RebuildScriptCaches (24ms)
			SetupLoadedEditorAssemblies (207ms)
				LogAssemblyErrors (0ms)
				InitializePlatformSupportModulesInManaged (6ms)
				SetLoadedEditorAssemblies (0ms)
				RefreshPlugins (58ms)
				BeforeProcessingInitializeOnLoad (1ms)
				ProcessInitializeOnLoadAttributes (102ms)
				ProcessInitializeOnLoadMethodAttributes (39ms)
				AfterProcessingInitializeOnLoad (0ms)
				EditorAssembliesLoaded (0ms)
			ExecutionOrderSort2 (0ms)
			AwakeInstancesAfterBackupRestoration (0ms)
Platform modules already initialized, skipping
Registering precompiled user dll's ...
Registered in 0.002873 seconds.
Begin MonoManager ReloadAssembly
Symbol file LoadedFromMemory doesn't match image C:\Users\User\My project (1)\Library\PackageCache\com.unity.visualscripting@1.8.0\Editor\VisualScripting.Core\Dependencies\YamlDotNet\Unity.VisualScripting.YamlDotNet.dll
Symbol file LoadedFromMemory doesn't match image C:\Users\User\My project (1)\Library\PackageCache\com.unity.visualscripting@1.8.0\Editor\VisualScripting.Core\Dependencies\DotNetZip\Unity.VisualScripting.IonicZip.dll
Native extension for WindowsStandalone target not found
Refreshing native plugins compatible for Editor in 0.48 ms, found 3 plugins.
Preloading 0 native plugins for Editor in 0.00 ms.
Mono: successfully reloaded assembly
- Completed reload, in  0.819 seconds
Domain Reload Profiling:
	ReloadAssembly (820ms)
		BeginReloadAssembly (98ms)
			ExecutionOrderSort (0ms)
			DisableScriptedObjects (5ms)
			BackupInstance (0ms)
			ReleaseScriptingObjects (0ms)
			CreateAndSetChildDomain (17ms)
		EndReloadAssembly (636ms)
			LoadAssemblies (67ms)
			RebuildTransferFunctionScriptingTraits (0ms)
			SetupTypeCache (213ms)
			ReleaseScriptCaches (1ms)
			RebuildScriptCaches (42ms)
			SetupLoadedEditorAssemblies (284ms)
				LogAssemblyErrors (0ms)
				InitializePlatformSupportModulesInManaged (4ms)
				SetLoadedEditorAssemblies (0ms)
				RefreshPlugins (1ms)
				BeforeProcessingInitializeOnLoad (59ms)
				ProcessInitializeOnLoadAttributes (193ms)
				ProcessInitializeOnLoadMethodAttributes (23ms)
				AfterProcessingInitializeOnLoad (4ms)
				EditorAssembliesLoaded (0ms)
			ExecutionOrderSort2 (0ms)
			AwakeInstancesAfterBackupRestoration (7ms)
Platform modules already initialized, skipping
========================================================================
Worker process is ready to serve import requests
Launched and connected shader compiler UnityShaderCompiler.exe after 0.04 seconds
Refreshing native plugins compatible for Editor in 0.56 ms, found 3 plugins.
Preloading 0 native plugins for Editor in 0.00 ms.
Unloading 3051 Unused Serialized files (Serialized files now loaded: 0)
Unloading 22 unused Assets / (56.1 KB). Loaded Objects now: 3514.
Memory consumption went from 107.9 MB to 107.8 MB.
Total: 2.563500 ms (FindLiveObjects: 0.227000 ms CreateObjectMapping: 0.078800 ms MarkObjects: 2.178700 ms  DeleteObjects: 0.077800 ms)

AssetImportParameters requested are different than current active one (requested -> active):
  custom:video-decoder-ogg-theora: a1e56fd34408186e4bbccfd4996cb3dc -> 
  custom:container-muxer-webm: aa71ff27fc2769a1b78a27578f13a17b -> 
  custom:container-demuxer-webm: 4f35f7cbe854078d1ac9338744f61a02 -> 
  custom:video-encoder-webm-vp8: eb34c28f22e8b96e1ab97ce403110664 -> 
  custom:video-codec-MediaFoundation-h265: 746d11721c4dcdbdad8f713fa42b33f4 -> 
  custom:audio-encoder-webm-vorbis: bf7c407c2cedff20999df2af8eb42d56 -> 
  custom:framework-win-MediaFoundation: 216162199b28c13a410421893ffa2e32 -> 
  custom:container-demuxer-ogg: 62fdf1f143b41e24485cea50d1cbac27 -> 
  custom:video-decoder-webm-vp8: 9c59270c3fd7afecdb556c50c9e8de78 -> 
  custom:audio-decoder-ogg-vorbis: bf7c407c2cedff20999df2af8eb42d56 -> 
========================================================================
Received Import Request.
  Time since last request: 93066.677114 seconds.
  path: Assets/Handpainted_Grass_and_Ground_Textures/Demo/Materials/Material_snow_super_dark_step_008.mat
  artifactKey: Guid(27593d9967611354199307d3c00ae66a) Importer(815301076,1909f56bfc062723c751e8b465ee728b)
Start importing Assets/Handpainted_Grass_and_Ground_Textures/Demo/Materials/Material_snow_super_dark_step_008.mat using Guid(27593d9967611354199307d3c00ae66a) Importer(815301076,1909f56bfc062723c751e8b465ee728b)  -> (artifact id: 'a27f19f298409bcabcd3899676b47a22') in 0.141562 seconds 
========================================================================
Received Import Request.
  Time since last request: 5.483482 seconds.
  path: Assets/Handpainted_Grass_and_Ground_Textures/Textures/Dirt/dirt_desatured/Materials/dirt_desatured_up.mat
  artifactKey: Guid(240019ee90bd75143a15d188a3f56049) Importer(815301076,1909f56bfc062723c751e8b465ee728b)
Start importing Assets/Handpainted_Grass_and_Ground_Textures/Textures/Dirt/dirt_desatured/Materials/dirt_desatured_up.mat using Guid(240019ee90bd75143a15d188a3f56049) Importer(815301076,1909f56bfc062723c751e8b465ee728b)  -> (artifact id: 'f7e78b1cfd1da8f1d27243e771a1a002') in 0.016660 seconds 
========================================================================
Received Import Request.
  Time since last request: 2.405131 seconds.
  path: Assets/Handpainted_Grass_and_Ground_Textures/Demo/Materials/material_dirt_clay.mat
  artifactKey: Guid(068d39ad2a610284589321a74477fca7) Importer(815301076,1909f56bfc062723c751e8b465ee728b)
Start importing Assets/Handpainted_Grass_and_Ground_Textures/Demo/Materials/material_dirt_clay.mat using Guid(068d39ad2a610284589321a74477fca7) Importer(815301076,1909f56bfc062723c751e8b465ee728b)  -> (artifact id: '1637851ed2dfd9737a31517327c9fec1') in 0.016393 seconds 
========================================================================
Received Import Request.
  Time since last request: 0.000062 seconds.
  path: Assets/Handpainted_Grass_and_Ground_Textures/Demo/Materials/material_dirt_claydarked.mat
  artifactKey: Guid(d4cf2f02954e1954b9864379996e4e91) Importer(815301076,1909f56bfc062723c751e8b465ee728b)
Start importing Assets/Handpainted_Grass_and_Ground_Textures/Demo/Materials/material_dirt_claydarked.mat using Guid(d4cf2f02954e1954b9864379996e4e91) Importer(815301076,1909f56bfc062723c751e8b465ee728b)  -> (artifact id: '991f82972452e29af70981b410108a38') in 0.017887 seconds 
========================================================================
Received Import Request.
  Time since last request: 4.358011 seconds.
  path: Assets/Handpainted_Grass_and_Ground_Textures/Demo/Materials/material_dirt_desatured_rocks.mat
  artifactKey: Guid(9ae1d73fdebd4f04f971f7144044b8c3) Importer(815301076,1909f56bfc062723c751e8b465ee728b)
Start importing Assets/Handpainted_Grass_and_Ground_Textures/Demo/Materials/material_dirt_desatured_rocks.mat using Guid(9ae1d73fdebd4f04f971f7144044b8c3) Importer(815301076,1909f56bfc062723c751e8b465ee728b)  -> (artifact id: 'eabae5cf30e5e1a6cf3da6da917c5af5') in 0.016142 seconds 
========================================================================
Received Import Request.
  Time since last request: 0.000023 seconds.
  path: Assets/Handpainted_Grass_and_Ground_Textures/Demo/Materials/Material_dirt_over_corrupted.mat
  artifactKey: Guid(9bdcce6dec6d8e44e81a490c3e0ffb4e) Importer(815301076,1909f56bfc062723c751e8b465ee728b)
Start importing Assets/Handpainted_Grass_and_Ground_Textures/Demo/Materials/Material_dirt_over_corrupted.mat using Guid(9bdcce6dec6d8e44e81a490c3e0ffb4e) Importer(815301076,1909f56bfc062723c751e8b465ee728b)  -> (artifact id: '11d419a0b56c31fa5c7ec15498e5c06d') in 0.017590 seconds 
========================================================================
Received Import Request.
  Time since last request: 0.265779 seconds.
  path: Assets/Handpainted_Grass_and_Ground_Textures/Demo/Materials/Material_Grass_overcorrupted.mat
  artifactKey: Guid(ba17272ce492ff74a934b37c50250d08) Importer(815301076,1909f56bfc062723c751e8b465ee728b)
Start importing Assets/Handpainted_Grass_and_Ground_Textures/Demo/Materials/Material_Grass_overcorrupted.mat using Guid(ba17272ce492ff74a934b37c50250d08) Importer(815301076,1909f56bfc062723c751e8b465ee728b)  -> (artifact id: '1ef9661c7725a00a1ffa63ca976fd4d8') in 0.016787 seconds 
========================================================================
Received Import Request.
  Time since last request: 13.130663 seconds.
  path: Assets/Handpainted_Grass_and_Ground_Textures/Demo/Materials/Material_snow_super_dark_step_004.mat
  artifactKey: Guid(5e9ad28433587f74ca570aadedc565b5) Importer(815301076,1909f56bfc062723c751e8b465ee728b)
Start importing Assets/Handpainted_Grass_and_Ground_Textures/Demo/Materials/Material_snow_super_dark_step_004.mat using Guid(5e9ad28433587f74ca570aadedc565b5) Importer(815301076,1909f56bfc062723c751e8b465ee728b)  -> (artifact id: '8fb4ef8a0136c6faea9b4bbad7b30387') in 0.021988 seconds 
========================================================================
Received Import Request.
  Time since last request: 0.000036 seconds.
  path: Assets/Handpainted_Grass_and_Ground_Textures/Demo/Materials/Material_snow_super_dark_step_001.mat
  artifactKey: Guid(c5889a8f42acdb4468d272db43947627) Importer(815301076,1909f56bfc062723c751e8b465ee728b)
Start importing Assets/Handpainted_Grass_and_Ground_Textures/Demo/Materials/Material_snow_super_dark_step_001.mat using Guid(c5889a8f42acdb4468d272db43947627) Importer(815301076,1909f56bfc062723c751e8b465ee728b)  -> (artifact id: '22b3d30a5508ea8441bf7c7d6fdd0aa4') in 0.022195 seconds 
========================================================================
Received Import Request.
  Time since last request: 0.026055 seconds.
  path: Assets/Handpainted_Grass_and_Ground_Textures/Demo/Materials/Material_snow_super_dark.mat
  artifactKey: Guid(8238f9cb92f317f489275362a7e5e6b6) Importer(815301076,1909f56bfc062723c751e8b465ee728b)
Start importing Assets/Handpainted_Grass_and_Ground_Textures/Demo/Materials/Material_snow_super_dark.mat using Guid(8238f9cb92f317f489275362a7e5e6b6) Importer(815301076,1909f56bfc062723c751e8b465ee728b)  -> (artifact id: '1abf77bb277eb2d5488f89a871b4c160') in 0.022020 seconds 
========================================================================
Received Import Request.
  Time since last request: 0.000021 seconds.
  path: Assets/Handpainted_Grass_and_Ground_Textures/Demo/Materials/Material_snow_normal_step_007.mat
  artifactKey: Guid(48202fb674240d64c8264e0318e2c937) Importer(815301076,1909f56bfc062723c751e8b465ee728b)
Start importing Assets/Handpainted_Grass_and_Ground_Textures/Demo/Materials/Material_snow_normal_step_007.mat using Guid(48202fb674240d64c8264e0318e2c937) Importer(815301076,1909f56bfc062723c751e8b465ee728b)  -> (artifact id: '4badf30602b7361c1901ae99022e86e7') in 0.021031 seconds 
========================================================================
Received Import Request.
  Time since last request: 0.349600 seconds.
  path: Assets/Handpainted_Grass_and_Ground_Textures/Demo/Materials/Material_snow_normal_step_005.mat
  artifactKey: Guid(4137ee59c472e1949905165f0bd1f9dc) Importer(815301076,1909f56bfc062723c751e8b465ee728b)
Start importing Assets/Handpainted_Grass_and_Ground_Textures/Demo/Materials/Material_snow_normal_step_005.mat using Guid(4137ee59c472e1949905165f0bd1f9dc) Importer(815301076,1909f56bfc062723c751e8b465ee728b)  -> (artifact id: 'c80552605dab549d6ecd48d8bce703e0') in 0.018078 seconds 
========================================================================
Received Import Request.
  Time since last request: 0.000022 seconds.
  path: Assets/Handpainted_Grass_and_Ground_Textures/Demo/Materials/Material_snow_normal_step_002.mat
  artifactKey: Guid(6357b1f9ba0c8184ab83661ffd0761f5) Importer(815301076,1909f56bfc062723c751e8b465ee728b)
Start importing Assets/Handpainted_Grass_and_Ground_Textures/Demo/Materials/Material_snow_normal_step_002.mat using Guid(6357b1f9ba0c8184ab83661ffd0761f5) Importer(815301076,1909f56bfc062723c751e8b465ee728b)  -> (artifact id: '00a72404530b3f40b9a3896d2bbb6192') in 0.020867 seconds 
========================================================================
Received Import Request.
  Time since last request: 0.196959 seconds.
  path: Assets/Handpainted_Grass_and_Ground_Textures/Demo/Materials/Material_snow_normal_step_001.mat
  artifactKey: Guid(4ad9ba4b9e8d4724da3df22d495e1926) Importer(815301076,1909f56bfc062723c751e8b465ee728b)
Start importing Assets/Handpainted_Grass_and_Ground_Textures/Demo/Materials/Material_snow_normal_step_001.mat using Guid(4ad9ba4b9e8d4724da3df22d495e1926) Importer(815301076,1909f56bfc062723c751e8b465ee728b)  -> (artifact id: '62b0072ff947faef97df14e5e098aa01') in 0.018759 seconds 
========================================================================
Received Import Request.
  Time since last request: 0.021539 seconds.
  path: Assets/Handpainted_Grass_and_Ground_Textures/Demo/Materials/Material_snow_dark_step_006.mat
  artifactKey: Guid(8a75279271840244688878bd9efa1b06) Importer(815301076,1909f56bfc062723c751e8b465ee728b)
Start importing Assets/Handpainted_Grass_and_Ground_Textures/Demo/Materials/Material_snow_dark_step_006.mat using Guid(8a75279271840244688878bd9efa1b06) Importer(815301076,1909f56bfc062723c751e8b465ee728b)  -> (artifact id: '66d0a736b7588e6585b020310e5d0baa') in 0.018657 seconds 
========================================================================
Received Import Request.
  Time since last request: 0.000024 seconds.
  path: Assets/Handpainted_Grass_and_Ground_Textures/Demo/Materials/Material_snow_dark_step_008.mat
  artifactKey: Guid(defd0022054ddf240bfdb18aea02eb24) Importer(815301076,1909f56bfc062723c751e8b465ee728b)
Start importing Assets/Handpainted_Grass_and_Ground_Textures/Demo/Materials/Material_snow_dark_step_008.mat using Guid(defd0022054ddf240bfdb18aea02eb24) Importer(815301076,1909f56bfc062723c751e8b465ee728b)  -> (artifact id: '9c4b6b61e0c42c6bf22f99c78f8a703f') in 0.017308 seconds 
========================================================================
Received Import Request.
  Time since last request: 0.014432 seconds.
  path: Assets/Handpainted_Grass_and_Ground_Textures/Demo/Materials/Material_snow_dark_step_004.mat
  artifactKey: Guid(81e1507502188c6489c1be8b4f818c53) Importer(815301076,1909f56bfc062723c751e8b465ee728b)
Start importing Assets/Handpainted_Grass_and_Ground_Textures/Demo/Materials/Material_snow_dark_step_004.mat using Guid(81e1507502188c6489c1be8b4f818c53) Importer(815301076,1909f56bfc062723c751e8b465ee728b)  -> (artifact id: 'b3f8f0ea1f856e29e2ebd1e4edf32575') in 0.018137 seconds 
========================================================================
Received Import Request.
  Time since last request: 0.219187 seconds.
  path: Assets/Handpainted_Grass_and_Ground_Textures/Demo/Materials/Material_snow_dark_step_002.mat
  artifactKey: Guid(c53d6702d4f4bef44b3f89b09fb109a4) Importer(815301076,1909f56bfc062723c751e8b465ee728b)
Start importing Assets/Handpainted_Grass_and_Ground_Textures/Demo/Materials/Material_snow_dark_step_002.mat using Guid(c53d6702d4f4bef44b3f89b09fb109a4) Importer(815301076,1909f56bfc062723c751e8b465ee728b)  -> (artifact id: 'a4b4e3e9d6ddd0f6cdfcd57ff2d87afe') in 0.018783 seconds 
========================================================================
Received Import Request.
  Time since last request: 0.573485 seconds.
  path: Assets/Handpainted_Grass_and_Ground_Textures/Demo/Materials/Material_Grass_normal.mat
  artifactKey: Guid(7aa8c8d1ffd54e94895834366fb18bd6) Importer(815301076,1909f56bfc062723c751e8b465ee728b)
Start importing Assets/Handpainted_Grass_and_Ground_Textures/Demo/Materials/Material_Grass_normal.mat using Guid(7aa8c8d1ffd54e94895834366fb18bd6) Importer(815301076,1909f56bfc062723c751e8b465ee728b)  -> (artifact id: '10f83a8436509952d021d893b189ca9e') in 0.017185 seconds 
========================================================================
Received Import Request.
  Time since last request: 0.036347 seconds.
  path: Assets/Handpainted_Grass_and_Ground_Textures/Demo/Materials/Material_Grass_desatured.mat
  artifactKey: Guid(40cc89b9c27c19c459d15b79d4211bee) Importer(815301076,1909f56bfc062723c751e8b465ee728b)
Start importing Assets/Handpainted_Grass_and_Ground_Textures/Demo/Materials/Material_Grass_desatured.mat using Guid(40cc89b9c27c19c459d15b79d4211bee) Importer(815301076,1909f56bfc062723c751e8b465ee728b)  -> (artifact id: '890036c24d57281d42f350220ee1ac73') in 0.016815 seconds 
========================================================================
Received Import Request.
  Time since last request: 0.695123 seconds.
  path: Assets/Handpainted_Grass_and_Ground_Textures/Demo/Materials/Grass_swamp_dark.mat
  artifactKey: Guid(5c8f7163468315a498a8687a4245eb69) Importer(815301076,1909f56bfc062723c751e8b465ee728b)
Start importing Assets/Handpainted_Grass_and_Ground_Textures/Demo/Materials/Grass_swamp_dark.mat using Guid(5c8f7163468315a498a8687a4245eb69) Importer(815301076,1909f56bfc062723c751e8b465ee728b)  -> (artifact id: '199f581e81d74af0e9eebda4325a1488') in 0.020113 seconds 
========================================================================
Received Import Request.
  Time since last request: 68.163110 seconds.
  path: Assets/Handpainted_Grass_and_Ground_Textures/Textures/Dirt/dirt_corrupted/dirt_corrupted_left.png
  artifactKey: Guid(03c2d2d1b78d3e747af258eae4abf1cc) Importer(815301076,1909f56bfc062723c751e8b465ee728b)
Start importing Assets/Handpainted_Grass_and_Ground_Textures/Textures/Dirt/dirt_corrupted/dirt_corrupted_left.png using Guid(03c2d2d1b78d3e747af258eae4abf1cc) Importer(815301076,1909f56bfc062723c751e8b465ee728b)  -> (artifact id: '6a754d851ac68f71429bdb4b567feab6') in 0.032114 seconds 
========================================================================
Received Import Request.
  Time since last request: 0.000033 seconds.
  path: Assets/Handpainted_Grass_and_Ground_Textures/Textures/Dirt/dirt_corrupted/dirt_corrupted_right.png
  artifactKey: Guid(35c017070b9f2494cb3c10563316fa3a) Importer(815301076,1909f56bfc062723c751e8b465ee728b)
Start importing Assets/Handpainted_Grass_and_Ground_Textures/Textures/Dirt/dirt_corrupted/dirt_corrupted_right.png using Guid(35c017070b9f2494cb3c10563316fa3a) Importer(815301076,1909f56bfc062723c751e8b465ee728b)  -> (artifact id: 'c2941f68c4ebc757da6c971f932b7d40') in 0.018866 seconds 
========================================================================
Received Import Request.
  Time since last request: 268.906729 seconds.
  path: Assets/LowPolyFarmLite/Models/Cabbage_01.fbx
  artifactKey: Guid(0f50786d35eebcf44805f9d5fb326c11) Importer(815301076,1909f56bfc062723c751e8b465ee728b)
Start importing Assets/LowPolyFarmLite/Models/Cabbage_01.fbx using Guid(0f50786d35eebcf44805f9d5fb326c11) Importer(815301076,1909f56bfc062723c751e8b465ee728b)  -> (artifact id: 'd98871b6981e724d3166705b32391d6c') in 0.057666 seconds 
========================================================================
Received Import Request.
  Time since last request: 0.000027 seconds.
  path: Assets/LowPolyFarmLite/Models/Tree_04.fbx
  artifactKey: Guid(1a2e91ebc86d2c84ca817eb30abe86d4) Importer(815301076,1909f56bfc062723c751e8b465ee728b)
Start importing Assets/LowPolyFarmLite/Models/Tree_04.fbx using Guid(1a2e91ebc86d2c84ca817eb30abe86d4) Importer(815301076,1909f56bfc062723c751e8b465ee728b)  -> (artifact id: 'c693bd70b7aaf44675550faeb8fa13fd') in 0.021306 seconds 
========================================================================
Received Import Request.
  Time since last request: 0.000026 seconds.
  path: Assets/LowPolyFarmLite/Models/Grass_02.fbx
  artifactKey: Guid(fc007040ddf56d841ad2083f918a0924) Importer(815301076,1909f56bfc062723c751e8b465ee728b)
Start importing Assets/LowPolyFarmLite/Models/Grass_02.fbx using Guid(fc007040ddf56d841ad2083f918a0924) Importer(815301076,1909f56bfc062723c751e8b465ee728b)  -> (artifact id: '894a2d4eccc70510296572917fd70ab2') in 0.021629 seconds 
========================================================================
Received Import Request.
  Time since last request: 0.000028 seconds.
  path: Assets/LowPolyFarmLite/Models/Rock_04.fbx
  artifactKey: Guid(682bef71ca092ef49bfed7f1cef5b893) Importer(815301076,1909f56bfc062723c751e8b465ee728b)
Start importing Assets/LowPolyFarmLite/Models/Rock_04.fbx using Guid(682bef71ca092ef49bfed7f1cef5b893) Importer(815301076,1909f56bfc062723c751e8b465ee728b)  -> (artifact id: 'a7e3515a8ebe7b200142aea65d90e9b2') in 0.023937 seconds 
========================================================================
Received Import Request.
  Time since last request: 0.000030 seconds.
  path: Assets/LowPolyFarmLite/Models/WateringCan_01.fbx
  artifactKey: Guid(1311afae6eeeaa84fbfa2d81fcaf9a8d) Importer(815301076,1909f56bfc062723c751e8b465ee728b)
Start importing Assets/LowPolyFarmLite/Models/WateringCan_01.fbx using Guid(1311afae6eeeaa84fbfa2d81fcaf9a8d) Importer(815301076,1909f56bfc062723c751e8b465ee728b)  -> (artifact id: '57966c1ab0e7c67b34f478eaa6027374') in 0.021801 seconds 
Editor requested this worker to shutdown with reason: Scaling down because of idle timeout
AssetImportWorker is now disconnected from the server
Process exiting
Exiting without the bug reporter. Application will terminate with return code 0